<?xml version="1.0" encoding="UTF-8"?>
<!-- Generated by org.testng.reporters.JUnitXMLReporter -->
<testsuite hostname="SomeswaraReddy" ignored="0" tests="3" failures="0" timestamp="25 May 2019 17:57:49 GMT" time="130.284" errors="0">
  <testcase name="shouldThrowAnErrorIfSignInDetailsAreMissing" time="10.303" classname="SignInTest"/>
  <testcase name="shouldBeAbleToSearchForHotels" time="31.374" classname="HotelBookingTest"/>
  <testcase name="testThatResultsAppearForAOneWayJourney" time="28.371" classname="FlightBookingTest"/>
</testsuite>
